# JRE version: Java(TM) SE Runtime Environment (8.0_333-b02) (build 1.8.0_333-b02)
# Java VM: Java HotSpot(TM) 64-Bit Server VM (25.333-b02 mixed mode windows-amd64 compressed oops)
Heap:
 PSYoungGen      total 38400K, used 1150K [0x00000000d5b00000, 0x00000000d8580000, 0x0000000100000000)
  eden space 33280K, 3% used [0x00000000d5b00000,0x00000000d5c1fbc8,0x00000000d7b80000)
  from space 5120K, 0% used [0x00000000d8080000,0x00000000d8080000,0x00000000d8580000)
  to   space 5120K, 0% used [0x00000000d7b80000,0x00000000d7b80000,0x00000000d8080000)
 ParOldGen       total 41472K, used 6099K [0x0000000081000000, 0x0000000083880000, 0x00000000d5b00000)
  object space 41472K, 14% used [0x0000000081000000,0x00000000815f4de0,0x0000000083880000)
 Metaspace       used 22801K, capacity 23112K, committed 23296K, reserved 1071104K
  class space    used 1650K, capacity 1736K, committed 1792K, reserved 1048576K
GC Heap History (6 events):
Event: 0.691 GC heap before
{Heap before GC invocations=1 (full 0):
 PSYoungGen      total 38400K, used 33280K [0x00000000d5b00000, 0x00000000d8580000, 0x0000000100000000)
  eden space 33280K, 100% used [0x00000000d5b00000,0x00000000d7b80000,0x00000000d7b80000)
  from space 5120K, 0% used [0x00000000d8080000,0x00000000d8080000,0x00000000d8580000)
  to   space 5120K, 0% used [0x00000000d7b80000,0x00000000d7b80000,0x00000000d8080000)
 ParOldGen       total 87552K, used 0K [0x0000000081000000, 0x0000000086580000, 0x00000000d5b00000)
  object space 87552K, 0% used [0x0000000081000000,0x0000000081000000,0x0000000086580000)
 Metaspace       used 9780K, capacity 10052K, committed 10112K, reserved 1058816K
  class space    used 1040K, capacity 1136K, committed 1152K, reserved 1048576K
Event: 0.696 GC heap after
Heap after GC invocations=1 (full 0):
 PSYoungGen      total 38400K, used 5106K [0x00000000d5b00000, 0x00000000d8580000, 0x0000000100000000)
  eden space 33280K, 0% used [0x00000000d5b00000,0x00000000d5b00000,0x00000000d7b80000)
  from space 5120K, 99% used [0x00000000d7b80000,0x00000000d807cbc0,0x00000000d8080000)
  to   space 5120K, 0% used [0x00000000d8080000,0x00000000d8080000,0x00000000d8580000)
 ParOldGen       total 87552K, used 41K [0x0000000081000000, 0x0000000086580000, 0x00000000d5b00000)
  object space 87552K, 0% used [0x0000000081000000,0x000000008100a498,0x0000000086580000)
 Metaspace       used 9780K, capacity 10052K, committed 10112K, reserved 1058816K
  class space    used 1040K, capacity 1136K, committed 1152K, reserved 1048576K
}
Event: 5059.900 GC heap before
{Heap before GC invocations=2 (full 0):
 PSYoungGen      total 38400K, used 36880K [0x00000000d5b00000, 0x00000000d8580000, 0x0000000100000000)
  eden space 33280K, 95% used [0x00000000d5b00000,0x00000000d7a07488,0x00000000d7b80000)
  from space 5120K, 99% used [0x00000000d7b80000,0x00000000d807cbc0,0x00000000d8080000)
  to   space 5120K, 0% used [0x00000000d8080000,0x00000000d8080000,0x00000000d8580000)
 ParOldGen       total 87552K, used 41K [0x0000000081000000, 0x0000000086580000, 0x00000000d5b00000)
  object space 87552K, 0% used [0x0000000081000000,0x000000008100a498,0x0000000086580000)
 Metaspace       used 20866K, capacity 21150K, committed 21248K, reserved 1069056K
  class space    used 1651K, capacity 1743K, committed 1792K, reserved 1048576K
Event: 5059.906 GC heap after
Heap after GC invocations=2 (full 0):
 PSYoungGen      total 38400K, used 5113K [0x00000000d5b00000, 0x00000000d8580000, 0x0000000100000000)
  eden space 33280K, 0% used [0x00000000d5b00000,0x00000000d5b00000,0x00000000d7b80000)
  from space 5120K, 99% used [0x00000000d8080000,0x00000000d857e4b8,0x00000000d8580000)
  to   space 5120K, 0% used [0x00000000d7b80000,0x00000000d7b80000,0x00000000d8080000)
 ParOldGen       total 87552K, used 1491K [0x0000000081000000, 0x0000000086580000, 0x00000000d5b00000)
  object space 87552K, 1% used [0x0000000081000000,0x0000000081174f98,0x0000000086580000)
 Metaspace       used 20866K, capacity 21150K, committed 21248K, reserved 1069056K
  class space    used 1651K, capacity 1743K, committed 1792K, reserved 1048576K
}
Event: 5059.906 GC heap before
{Heap before GC invocations=3 (full 1):
 PSYoungGen      total 38400K, used 5113K [0x00000000d5b00000, 0x00000000d8580000, 0x0000000100000000)
  eden space 33280K, 0% used [0x00000000d5b00000,0x00000000d5b00000,0x00000000d7b80000)
  from space 5120K, 99% used [0x00000000d8080000,0x00000000d857e4b8,0x00000000d8580000)
  to   space 5120K, 0% used [0x00000000d7b80000,0x00000000d7b80000,0x00000000d8080000)
 ParOldGen       total 87552K, used 1491K [0x0000000081000000, 0x0000000086580000, 0x00000000d5b00000)
  object space 87552K, 1% used [0x0000000081000000,0x0000000081174f98,0x0000000086580000)
 Metaspace       used 20866K, capacity 21150K, committed 21248K, reserved 1069056K
  class space    used 1651K, capacity 1743K, committed 1792K, reserved 1048576K
Event: 5059.924 GC heap after
Heap after GC invocations=3 (full 1):
 PSYoungGen      total 38400K, used 0K [0x00000000d5b00000, 0x00000000d8580000, 0x0000000100000000)
  eden space 33280K, 0% used [0x00000000d5b00000,0x00000000d5b00000,0x00000000d7b80000)
  from space 5120K, 0% used [0x00000000d8080000,0x00000000d8080000,0x00000000d8580000)
  to   space 5120K, 0% used [0x00000000d7b80000,0x00000000d7b80000,0x00000000d8080000)
 ParOldGen       total 41472K, used 6099K [0x0000000081000000, 0x0000000083880000, 0x00000000d5b00000)
  object space 41472K, 14% used [0x0000000081000000,0x00000000815f4de0,0x0000000083880000)
 Metaspace       used 20851K, capacity 21128K, committed 21248K, reserved 1069056K
  class space    used 1647K, capacity 1736K, committed 1792K, reserved 1048576K
}

